#
# A fatal error has been detected by the Java Runtime Environment:
#
#  SIGSEGV (0xb) at pc=0x000000010294e4a1, pid=45727, tid=18435
#
# JRE version: Java(TM) SE Runtime Environment (9.0+11) (build 9.0.1+11)
# Java VM: Java HotSpot(TM) 64-Bit Server VM (9.0.1+11, mixed mode, tiered, compressed oops, g1 gc, bsd-amd64)
# Problematic frame:
# V  [libjvm.dylib+0x34e4a1]  GenerateOopMap::bb_mark_fct(GenerateOopMap*, int, int*)+0x19
#
# No core dump will be written. Core dumps have been disabled. To enable core dumping, try "ulimit -c unlimited" before starting Java again
#
# If you would like to submit a bug report, please visit:
#   http://bugreport.java.com/bugreport/crash.jsp
#

---------------  S U M M A R Y ------------

Command Line: -agentlib:jdwp=transport=dt_socket,suspend=y,address=localhost:56252 -Dfile.encoding=UTF-8 np_complete.TravelingSalesmanProblem

Host: MacBookPro13,2 x86_64 2900 MHz, 4 cores, 8G, Darwin 17.4.0
Time: Wed Jul 25 21:53:43 2018 CST elapsed time: 828 seconds (0d 0h 13m 48s)

---------------  T H R E A D  ---------------

Current thread (0x00007f921e05b800):  VMThread "VM Thread" [stack: 0x0000700004fae000,0x00007000050ae000] [id=18435]

Stack: [0x0000700004fae000,0x00007000050ae000],  sp=0x00007000050ad650,  free space=1021k
Native frames: (J=compiled Java code, A=aot compiled Java code, j=interpreted, Vv=VM code, C=native code)
V  [libjvm.dylib+0x34e4a1]  GenerateOopMap::bb_mark_fct(GenerateOopMap*, int, int*)+0x19
V  [libjvm.dylib+0x34e6d6]  GenerateOopMap::jump_targets_do(BytecodeStream*, void (*)(GenerateOopMap*, int, int*), int*)+0x90
V  [libjvm.dylib+0x34e5ad]  GenerateOopMap::mark_bbheaders_and_count_gc_points()+0xe9
V  [libjvm.dylib+0x351939]  GenerateOopMap::compute_map(Thread*)+0x15d
V  [libjvm.dylib+0x5e7eb8]  OopMapForCacheEntry::compute_map(Thread*)+0x60
V  [libjvm.dylib+0x5e861c]  OopMapCacheEntry::fill(methodHandle, int)+0xe0
V  [libjvm.dylib+0x5e8ceb]  OopMapCache::compute_one_oop_map(methodHandle const&, int, InterpreterOopMap*)+0x12b
V  [libjvm.dylib+0x5e8b17]  OopMapCache::lookup(methodHandle const&, int, InterpreterOopMap*) const+0xa3
V  [libjvm.dylib+0x5b1e67]  Method::mask_for(int, InterpreterOopMap*)+0x61
V  [libjvm.dylib+0x4a6731]  VM_GetOrSetLocal::doit()+0x49
V  [libjvm.dylib+0x746727]  VM_Operation::evaluate()+0x8d
V  [libjvm.dylib+0x745d9c]  VMThread::evaluate_operation(VM_Operation*)+0xda
V  [libjvm.dylib+0x745a8e]  VMThread::loop()+0x2f6
V  [libjvm.dylib+0x7456b9]  VMThread::run()+0x75
V  [libjvm.dylib+0x5ef563]  thread_native_entry(Thread*)+0x12b
C  [libsystem_pthread.dylib+0x36c1]  _pthread_body+0x154
C  [libsystem_pthread.dylib+0x356d]  _pthread_body+0x0
C  [libsystem_pthread.dylib+0x2c5d]  thread_start+0xd


siginfo: si_signo: 11 (SIGSEGV), si_code: 0 (unknown), si_addr: 0x0000000000000000

Register to memory mapping:

RAX=0x00000000ffffcce1 is an unknown value
RBX=0x00007000050ad858 is an unknown value
RCX=0x00007f921dc10550 is an unknown value
RDX=0x03ffffffffffff33 is an unknown value
RSP=0x00007000050ad650 is an unknown value
RBP=0x00007000050ad660 is an unknown value
RSI=0xffffffffffffcce1 is an unknown value
RDI=0x00007000050ad858 is an unknown value
R8 =0x0000000000000070 is an unknown value
R9 =0x0000000000000003 is an unknown value
R10=0x00000000fffffe00 is an unknown value
R11=0x00007f921dc00000 is an unknown value
R12=0x00007000050ad858 is an unknown value
R13=0x00000000000002a3 is an unknown value
R14=0x000000010294e488: _ZN14GenerateOopMap11bb_mark_fctEPS_iPi+0 in /Library/Java/JavaVirtualMachines/jdk-9.0.1.jdk/Contents/Home/lib/server/libjvm.dylib at 0x0000000102600000
R15=0x0000000000000000 is an unknown value


Registers:
RAX=0x00000000ffffcce1, RBX=0x00007000050ad858, RCX=0x00007f921dc10550, RDX=0x03ffffffffffff33
RSP=0x00007000050ad650, RBP=0x00007000050ad660, RSI=0xffffffffffffcce1, RDI=0x00007000050ad858
R8 =0x0000000000000070, R9 =0x0000000000000003, R10=0x00000000fffffe00, R11=0x00007f921dc00000
R12=0x00007000050ad858, R13=0x00000000000002a3, R14=0x000000010294e488, R15=0x0000000000000000
RIP=0x000000010294e4a1, EFLAGS=0x0000000000010a07, ERR=0x0000000000000000
  TRAPNO=0x000000000000000d

Top of Stack: (sp=0x00007000050ad650)
0x00007000050ad650:   00000001249dca3e 00007000050ad601
0x00007000050ad660:   00007000050ad6c0 000000010294e6d6
0x00007000050ad670:   00007000050ad6e0 00000000ffffffff
0x00007000050ad680:   00007000050ad6c0 0000000102bb5c91
0x00007000050ad690:   00000001249d2888 00007000050ad6e0
0x00007000050ad6a0:   00007000050ad858 0000000000000001
0x00007000050ad6b0:   00000000000000a7 00000000000002a3
0x00007000050ad6c0:   00007000050ad740 000000010294e5ad
0x00007000050ad6d0:   0000000000000000 0000000102940000
0x00007000050ad6e0:   00007f921dd2caa0 00000001249d2d80
0x00007000050ad6f0:   00007f921e05b800 000002a6000002a3
0x00007000050ad700:   000000a700000316 000000a700000000
0x00007000050ad710:   5b28598977ca00c3 00007000050ad858
0x00007000050ad720:   00007f921dc10500 00007000050ad9a0
0x00007000050ad730:   00007f921e05b800 00007f921dc10500
0x00007000050ad740:   00007000050ad7e0 0000000102951939
0x00007000050ad750:   5b28598977ca0000 0000000000000000
0x00007000050ad760:   0000000102d6c45e 00007fff98045600
0x00007000050ad770:   ffffffffffffffff 0000000000000000
0x00007000050ad780:   0000000000000000 00007fff5f0c0100
0x00007000050ad790:   0000000000000000 00007000050adb80
0x00007000050ad7a0:   00007000050ad700 0000000000000000
0x00007000050ad7b0:   0000000102d9afda 0000000000000000
0x00007000050ad7c0:   00007000050ad858 00007000050ad848
0x00007000050ad7d0:   00007f921e05b800 00007000050ad858
0x00007000050ad7e0:   00007000050ad830 0000000102be7eb8
0x00007000050ad7f0:   00007f921dd2caa0 00007f921dc104a0
0x00007000050ad800:   00007f921dc104b0 00007f921dc10888
0x00007000050ad810:   00000000000003d8 00007f921dc4c850
0x00007000050ad820:   000000000000017f 00007000050ad858
0x00007000050ad830:   00007000050ad990 0000000102be861c
0x00007000050ad840:   5b28598977ca00c3 00000001249d2d80 

Instructions: (pc=0x000000010294e4a1)
0x000000010294e481:   28 5d e9 24 c2 de ff 55 48 89 e5 53 50 89 f0 48
0x000000010294e491:   89 fb 48 63 f0 48 8b 4b 70 48 89 f2 48 c1 ea 06
0x000000010294e4a1:   48 8b 0c d1 48 0f a3 c1 72 11 48 8d 7b 70 ba 01
0x000000010294e4b1:   00 00 00 e8 c5 c8 de ff ff 43 6c 48 83 c4 08 5b 

VM_Operation (0x0000700005a4b9e8): GetOrSetLocal, mode: safepoint, requested by thread 0x00007f921f849800


---------------  P R O C E S S  ---------------

Java Threads: ( => current thread )
  0x00007f921f002800 JavaThread "Service Thread" daemon [_thread_blocked, id=41219, stack(0x0000700005c55000,0x0000700005d55000)]
  0x00007f921e068800 JavaThread "JDWP Command Reader" daemon [_thread_in_native, id=23811, stack(0x0000700005b52000,0x0000700005c52000)]
  0x00007f921f885000 JavaThread "JDWP Event Helper Thread" daemon [_thread_blocked, id=23299, stack(0x0000700005a4f000,0x0000700005b4f000)]
  0x00007f921f849800 JavaThread "JDWP Transport Listener: dt_socket" daemon [_thread_blocked, id=41735, stack(0x000070000594c000,0x0000700005a4c000)]
  0x00007f921f848800 JavaThread "Common-Cleaner" daemon [_thread_blocked, id=42243, stack(0x0000700005849000,0x0000700005949000)]
  0x00007f921f09b800 JavaThread "Sweeper thread" daemon [_thread_blocked, id=42499, stack(0x0000700005746000,0x0000700005846000)]
  0x00007f921f848000 JavaThread "C1 CompilerThread2" daemon [_thread_blocked, id=43011, stack(0x0000700005643000,0x0000700005743000)]
  0x00007f921f83f000 JavaThread "C2 CompilerThread1" daemon [_thread_blocked, id=43267, stack(0x0000700005540000,0x0000700005640000)]
  0x00007f921f831000 JavaThread "C2 CompilerThread0" daemon [_thread_blocked, id=22019, stack(0x000070000543d000,0x000070000553d000)]
  0x00007f921f062000 JavaThread "Signal Dispatcher" daemon [_thread_blocked, id=15115, stack(0x000070000533a000,0x000070000543a000)]
  0x00007f921e81c800 JavaThread "Finalizer" daemon [_thread_blocked, id=17667, stack(0x00007000051b4000,0x00007000052b4000)]
  0x00007f921e817800 JavaThread "Reference Handler" daemon [_thread_blocked, id=18179, stack(0x00007000050b1000,0x00007000051b1000)]
  0x00007f921f000000 JavaThread "main" [_thread_blocked, id=9475, stack(0x000070000438a000,0x000070000448a000)]

Other Threads:
=>0x00007f921e05b800 VMThread "VM Thread" [stack: 0x0000700004fae000,0x00007000050ae000] [id=18435]
  0x00007f921f885800 WatcherThread [stack: 0x0000700005d58000,0x0000700005e58000] [id=40707]
  0x00007f921f805800 GCTaskThread "GC Thread#0" [stack: 0x000070000448d000,0x000070000458d000] [id=10755]
  0x00007f921f806000 GCTaskThread "GC Thread#1" [stack: 0x0000700004590000,0x0000700004690000] [id=21507]
  0x00007f921f807000 GCTaskThread "GC Thread#2" [stack: 0x0000700004693000,0x0000700004793000] [id=11523]
  0x00007f921f807800 GCTaskThread "GC Thread#3" [stack: 0x0000700004796000,0x0000700004896000] [id=20995]
  0x00007f921e02d000 ConcurrentGCThread "G1 Main Marker" [stack: 0x0000700004da8000,0x0000700004ea8000] [id=13059]
  0x00007f921e801800 ConcurrentGCThread "G1 Marker#0" [stack: 0x0000700004eab000,0x0000700004fab000] [id=18691]
  0x00007f921f80a800 ConcurrentGCThread "G1 Refine#0" [stack: 0x0000700004ba2000,0x0000700004ca2000] [id=12291]
  0x00007f921f809800 ConcurrentGCThread "G1 Refine#1" [stack: 0x0000700004a9f000,0x0000700004b9f000] [id=19715]
  0x00007f921f809000 ConcurrentGCThread "G1 Refine#2" [stack: 0x000070000499c000,0x0000700004a9c000] [id=20227]
  0x00007f921f808000 ConcurrentGCThread "G1 Refine#3" [stack: 0x0000700004899000,0x0000700004999000] [id=20483]
  0x00007f921e018000 ConcurrentGCThread "G1 Young RemSet Sampling" [stack: 0x0000700004ca5000,0x0000700004da5000] [id=12547]

Threads with active compile tasks:

VM state:at safepoint (normal execution)

VM Mutex/Monitor currently owned by a thread:  ([mutex/lock_event])
[0x00007f921de08580] Threads_lock - owner thread: 0x00007f921e05b800

Heap address: 0x0000000740000000, size: 2048 MB, Compressed Oops mode: Zero based, Oop shift amount: 3
Narrow klass base: 0x0000000000000000, Narrow klass shift: 3
Compressed class space size: 1073741824 Address: 0x00000007c0000000

Heap:
 garbage-first heap   total 131072K, used 3072K [0x0000000740000000, 0x0000000740100400, 0x00000007c0000000)
  region size 1024K, 4 young (4096K), 0 survivors (0K)
 Metaspace       used 4338K, capacity 4664K, committed 4864K, reserved 1056768K
  class space    used 389K, capacity 424K, committed 512K, reserved 1048576K
Heap Regions: E=young(eden), S=young(survivor), O=old, HS=humongous(starts), HC=humongous(continues), CS=collection set, F=free, A=archive, TS=gc time stamp, AC=allocation context, TAMS=top-at-mark-start (previous, next)
|   0|0x0000000740000000, 0x0000000740000000, 0x0000000740100000|  0%| F|  |TS  0|AC  0|TAMS 0x0000000740000000, 0x0000000740000000|
|   1|0x0000000740100000, 0x0000000740100000, 0x0000000740200000|  0%| F|  |TS  0|AC  0|TAMS 0x0000000740100000, 0x0000000740100000|
|   2|0x0000000740200000, 0x0000000740200000, 0x0000000740300000|  0%| F|  |TS  0|AC  0|TAMS 0x0000000740200000, 0x0000000740200000|
|   3|0x0000000740300000, 0x0000000740300000, 0x0000000740400000|  0%| F|  |TS  0|AC  0|TAMS 0x0000000740300000, 0x0000000740300000|
|   4|0x0000000740400000, 0x0000000740400000, 0x0000000740500000|  0%| F|  |TS  0|AC  0|TAMS 0x0000000740400000, 0x0000000740400000|
|   5|0x0000000740500000, 0x0000000740500000, 0x0000000740600000|  0%| F|  |TS  0|AC  0|TAMS 0x0000000740500000, 0x0000000740500000|
|   6|0x0000000740600000, 0x0000000740600000, 0x0000000740700000|  0%| F|  |TS  0|AC  0|TAMS 0x0000000740600000, 0x0000000740600000|
|   7|0x0000000740700000, 0x0000000740700000, 0x0000000740800000|  0%| F|  |TS  0|AC  0|TAMS 0x0000000740700000, 0x0000000740700000|
|   8|0x0000000740800000, 0x0000000740800000, 0x0000000740900000|  0%| F|  |TS  0|AC  0|TAMS 0x0000000740800000, 0x0000000740800000|
|   9|0x0000000740900000, 0x0000000740900000, 0x0000000740a00000|  0%| F|  |TS  0|AC  0|TAMS 0x0000000740900000, 0x0000000740900000|
|  10|0x0000000740a00000, 0x0000000740a00000, 0x0000000740b00000|  0%| F|  |TS  0|AC  0|TAMS 0x0000000740a00000, 0x0000000740a00000|
|  11|0x0000000740b00000, 0x0000000740b00000, 0x0000000740c00000|  0%| F|  |TS  0|AC  0|TAMS 0x0000000740b00000, 0x0000000740b00000|
|  12|0x0000000740c00000, 0x0000000740c00000, 0x0000000740d00000|  0%| F|  |TS  0|AC  0|TAMS 0x0000000740c00000, 0x0000000740c00000|
|  13|0x0000000740d00000, 0x0000000740d00000, 0x0000000740e00000|  0%| F|  |TS  0|AC  0|TAMS 0x0000000740d00000, 0x0000000740d00000|
|  14|0x0000000740e00000, 0x0000000740e00000, 0x0000000740f00000|  0%| F|  |TS  0|AC  0|TAMS 0x0000000740e00000, 0x0000000740e00000|
|  15|0x0000000740f00000, 0x0000000740f00000, 0x0000000741000000|  0%| F|  |TS  0|AC  0|TAMS 0x0000000740f00000, 0x0000000740f00000|
|  16|0x0000000741000000, 0x0000000741000000, 0x0000000741100000|  0%| F|  |TS  0|AC  0|TAMS 0x0000000741000000, 0x0000000741000000|
|  17|0x0000000741100000, 0x0000000741100000, 0x0000000741200000|  0%| F|  |TS  0|AC  0|TAMS 0x0000000741100000, 0x0000000741100000|
|  18|0x0000000741200000, 0x0000000741200000, 0x0000000741300000|  0%| F|  |TS  0|AC  0|TAMS 0x0000000741200000, 0x0000000741200000|
|  19|0x0000000741300000, 0x0000000741300000, 0x0000000741400000|  0%| F|  |TS  0|AC  0|TAMS 0x0000000741300000, 0x0000000741300000|
|  20|0x0000000741400000, 0x0000000741400000, 0x0000000741500000|  0%| F|  |TS  0|AC  0|TAMS 0x0000000741400000, 0x0000000741400000|
|  21|0x0000000741500000, 0x0000000741500000, 0x0000000741600000|  0%| F|  |TS  0|AC  0|TAMS 0x0000000741500000, 0x0000000741500000|
|  22|0x0000000741600000, 0x0000000741600000, 0x0000000741700000|  0%| F|  |TS  0|AC  0|TAMS 0x0000000741600000, 0x0000000741600000|
|  23|0x0000000741700000, 0x0000000741700000, 0x0000000741800000|  0%| F|  |TS  0|AC  0|TAMS 0x0000000741700000, 0x0000000741700000|
|  24|0x0000000741800000, 0x0000000741800000, 0x0000000741900000|  0%| F|  |TS  0|AC  0|TAMS 0x0000000741800000, 0x0000000741800000|
|  25|0x0000000741900000, 0x0000000741900000, 0x0000000741a00000|  0%| F|  |TS  0|AC  0|TAMS 0x0000000741900000, 0x0000000741900000|
|  26|0x0000000741a00000, 0x0000000741a00000, 0x0000000741b00000|  0%| F|  |TS  0|AC  0|TAMS 0x0000000741a00000, 0x0000000741a00000|
|  27|0x0000000741b00000, 0x0000000741b00000, 0x0000000741c00000|  0%| F|  |TS  0|AC  0|TAMS 0x0000000741b00000, 0x0000000741b00000|
|  28|0x0000000741c00000, 0x0000000741c00000, 0x0000000741d00000|  0%| F|  |TS  0|AC  0|TAMS 0x0000000741c00000, 0x0000000741c00000|
|  29|0x0000000741d00000, 0x0000000741d00000, 0x0000000741e00000|  0%| F|  |TS  0|AC  0|TAMS 0x0000000741d00000, 0x0000000741d00000|
|  30|0x0000000741e00000, 0x0000000741e00000, 0x0000000741f00000|  0%| F|  |TS  0|AC  0|TAMS 0x0000000741e00000, 0x0000000741e00000|
|  31|0x0000000741f00000, 0x0000000741f00000, 0x0000000742000000|  0%| F|  |TS  0|AC  0|TAMS 0x0000000741f00000, 0x0000000741f00000|
|  32|0x0000000742000000, 0x0000000742000000, 0x0000000742100000|  0%| F|  |TS  0|AC  0|TAMS 0x0000000742000000, 0x0000000742000000|
|  33|0x0000000742100000, 0x0000000742100000, 0x0000000742200000|  0%| F|  |TS  0|AC  0|TAMS 0x0000000742100000, 0x0000000742100000|
|  34|0x0000000742200000, 0x0000000742200000, 0x0000000742300000|  0%| F|  |TS  0|AC  0|TAMS 0x0000000742200000, 0x0000000742200000|
|  35|0x0000000742300000, 0x0000000742300000, 0x0000000742400000|  0%| F|  |TS  0|AC  0|TAMS 0x0000000742300000, 0x0000000742300000|
|  36|0x0000000742400000, 0x0000000742400000, 0x0000000742500000|  0%| F|  |TS  0|AC  0|TAMS 0x0000000742400000, 0x0000000742400000|
|  37|0x0000000742500000, 0x0000000742500000, 0x0000000742600000|  0%| F|  |TS  0|AC  0|TAMS 0x0000000742500000, 0x0000000742500000|
|  38|0x0000000742600000, 0x0000000742600000, 0x0000000742700000|  0%| F|  |TS  0|AC  0|TAMS 0x0000000742600000, 0x0000000742600000|
|  39|0x0000000742700000, 0x0000000742700000, 0x0000000742800000|  0%| F|  |TS  0|AC  0|TAMS 0x0000000742700000, 0x0000000742700000|
|  40|0x0000000742800000, 0x0000000742800000, 0x0000000742900000|  0%| F|  |TS  0|AC  0|TAMS 0x0000000742800000, 0x0000000742800000|
|  41|0x0000000742900000, 0x0000000742900000, 0x0000000742a00000|  0%| F|  |TS  0|AC  0|TAMS 0x0000000742900000, 0x0000000742900000|
|  42|0x0000000742a00000, 0x0000000742a00000, 0x0000000742b00000|  0%| F|  |TS  0|AC  0|TAMS 0x0000000742a00000, 0x0000000742a00000|
|  43|0x0000000742b00000, 0x0000000742b00000, 0x0000000742c00000|  0%| F|  |TS  0|AC  0|TAMS 0x0000000742b00000, 0x0000000742b00000|
|  44|0x0000000742c00000, 0x0000000742c00000, 0x0000000742d00000|  0%| F|  |TS  0|AC  0|TAMS 0x0000000742c00000, 0x0000000742c00000|
|  45|0x0000000742d00000, 0x0000000742d00000, 0x0000000742e00000|  0%| F|  |TS  0|AC  0|TAMS 0x0000000742d00000, 0x0000000742d00000|
|  46|0x0000000742e00000, 0x0000000742e00000, 0x0000000742f00000|  0%| F|  |TS  0|AC  0|TAMS 0x0000000742e00000, 0x0000000742e00000|
|  47|0x0000000742f00000, 0x0000000742f00000, 0x0000000743000000|  0%| F|  |TS  0|AC  0|TAMS 0x0000000742f00000, 0x0000000742f00000|
|  48|0x0000000743000000, 0x0000000743000000, 0x0000000743100000|  0%| F|  |TS  0|AC  0|TAMS 0x0000000743000000, 0x0000000743000000|
|  49|0x0000000743100000, 0x0000000743100000, 0x0000000743200000|  0%| F|  |TS  0|AC  0|TAMS 0x0000000743100000, 0x0000000743100000|
|  50|0x0000000743200000, 0x0000000743200000, 0x0000000743300000|  0%| F|  |TS  0|AC  0|TAMS 0x0000000743200000, 0x0000000743200000|
|  51|0x0000000743300000, 0x0000000743300000, 0x0000000743400000|  0%| F|  |TS  0|AC  0|TAMS 0x0000000743300000, 0x0000000743300000|
|  52|0x0000000743400000, 0x0000000743400000, 0x0000000743500000|  0%| F|  |TS  0|AC  0|TAMS 0x0000000743400000, 0x0000000743400000|
|  53|0x0000000743500000, 0x0000000743500000, 0x0000000743600000|  0%| F|  |TS  0|AC  0|TAMS 0x0000000743500000, 0x0000000743500000|
|  54|0x0000000743600000, 0x0000000743600000, 0x0000000743700000|  0%| F|  |TS  0|AC  0|TAMS 0x0000000743600000, 0x0000000743600000|
|  55|0x0000000743700000, 0x0000000743700000, 0x0000000743800000|  0%| F|  |TS  0|AC  0|TAMS 0x0000000743700000, 0x0000000743700000|
|  56|0x0000000743800000, 0x0000000743800000, 0x0000000743900000|  0%| F|  |TS  0|AC  0|TAMS 0x0000000743800000, 0x0000000743800000|
|  57|0x0000000743900000, 0x0000000743900000, 0x0000000743a00000|  0%| F|  |TS  0|AC  0|TAMS 0x0000000743900000, 0x0000000743900000|
|  58|0x0000000743a00000, 0x0000000743a00000, 0x0000000743b00000|  0%| F|  |TS  0|AC  0|TAMS 0x0000000743a00000, 0x0000000743a00000|
|  59|0x0000000743b00000, 0x0000000743b00000, 0x0000000743c00000|  0%| F|  |TS  0|AC  0|TAMS 0x0000000743b00000, 0x0000000743b00000|
|  60|0x0000000743c00000, 0x0000000743c00000, 0x0000000743d00000|  0%| F|  |TS  0|AC  0|TAMS 0x0000000743c00000, 0x0000000743c00000|
|  61|0x0000000743d00000, 0x0000000743d00000, 0x0000000743e00000|  0%| F|  |TS  0|AC  0|TAMS 0x0000000743d00000, 0x0000000743d00000|
|  62|0x0000000743e00000, 0x0000000743e00000, 0x0000000743f00000|  0%| F|  |TS  0|AC  0|TAMS 0x0000000743e00000, 0x0000000743e00000|
|  63|0x0000000743f00000, 0x0000000743f00000, 0x0000000744000000|  0%| F|  |TS  0|AC  0|TAMS 0x0000000743f00000, 0x0000000743f00000|
|  64|0x0000000744000000, 0x0000000744000000, 0x0000000744100000|  0%| F|  |TS  0|AC  0|TAMS 0x0000000744000000, 0x0000000744000000|
|  65|0x0000000744100000, 0x0000000744100000, 0x0000000744200000|  0%| F|  |TS  0|AC  0|TAMS 0x0000000744100000, 0x0000000744100000|
|  66|0x0000000744200000, 0x0000000744200000, 0x0000000744300000|  0%| F|  |TS  0|AC  0|TAMS 0x0000000744200000, 0x0000000744200000|
|  67|0x0000000744300000, 0x0000000744300000, 0x0000000744400000|  0%| F|  |TS  0|AC  0|TAMS 0x0000000744300000, 0x0000000744300000|
|  68|0x0000000744400000, 0x0000000744400000, 0x0000000744500000|  0%| F|  |TS  0|AC  0|TAMS 0x0000000744400000, 0x0000000744400000|
|  69|0x0000000744500000, 0x0000000744500000, 0x0000000744600000|  0%| F|  |TS  0|AC  0|TAMS 0x0000000744500000, 0x0000000744500000|
|  70|0x0000000744600000, 0x0000000744600000, 0x0000000744700000|  0%| F|  |TS  0|AC  0|TAMS 0x0000000744600000, 0x0000000744600000|
|  71|0x0000000744700000, 0x0000000744700000, 0x0000000744800000|  0%| F|  |TS  0|AC  0|TAMS 0x0000000744700000, 0x0000000744700000|
|  72|0x0000000744800000, 0x0000000744800000, 0x0000000744900000|  0%| F|  |TS  0|AC  0|TAMS 0x0000000744800000, 0x0000000744800000|
|  73|0x0000000744900000, 0x0000000744900000, 0x0000000744a00000|  0%| F|  |TS  0|AC  0|TAMS 0x0000000744900000, 0x0000000744900000|
|  74|0x0000000744a00000, 0x0000000744a00000, 0x0000000744b00000|  0%| F|  |TS  0|AC  0|TAMS 0x0000000744a00000, 0x0000000744a00000|
|  75|0x0000000744b00000, 0x0000000744b00000, 0x0000000744c00000|  0%| F|  |TS  0|AC  0|TAMS 0x0000000744b00000, 0x0000000744b00000|
|  76|0x0000000744c00000, 0x0000000744c00000, 0x0000000744d00000|  0%| F|  |TS  0|AC  0|TAMS 0x0000000744c00000, 0x0000000744c00000|
|  77|0x0000000744d00000, 0x0000000744d00000, 0x0000000744e00000|  0%| F|  |TS  0|AC  0|TAMS 0x0000000744d00000, 0x0000000744d00000|
|  78|0x0000000744e00000, 0x0000000744e00000, 0x0000000744f00000|  0%| F|  |TS  0|AC  0|TAMS 0x0000000744e00000, 0x0000000744e00000|
|  79|0x0000000744f00000, 0x0000000744f00000, 0x0000000745000000|  0%| F|  |TS  0|AC  0|TAMS 0x0000000744f00000, 0x0000000744f00000|
|  80|0x0000000745000000, 0x0000000745000000, 0x0000000745100000|  0%| F|  |TS  0|AC  0|TAMS 0x0000000745000000, 0x0000000745000000|
|  81|0x0000000745100000, 0x0000000745100000, 0x0000000745200000|  0%| F|  |TS  0|AC  0|TAMS 0x0000000745100000, 0x0000000745100000|
|  82|0x0000000745200000, 0x0000000745200000, 0x0000000745300000|  0%| F|  |TS  0|AC  0|TAMS 0x0000000745200000, 0x0000000745200000|
|  83|0x0000000745300000, 0x0000000745300000, 0x0000000745400000|  0%| F|  |TS  0|AC  0|TAMS 0x0000000745300000, 0x0000000745300000|
|  84|0x0000000745400000, 0x0000000745400000, 0x0000000745500000|  0%| F|  |TS  0|AC  0|TAMS 0x0000000745400000, 0x0000000745400000|
|  85|0x0000000745500000, 0x0000000745500000, 0x0000000745600000|  0%| F|  |TS  0|AC  0|TAMS 0x0000000745500000, 0x0000000745500000|
|  86|0x0000000745600000, 0x0000000745600000, 0x0000000745700000|  0%| F|  |TS  0|AC  0|TAMS 0x0000000745600000, 0x0000000745600000|
|  87|0x0000000745700000, 0x0000000745700000, 0x0000000745800000|  0%| F|  |TS  0|AC  0|TAMS 0x0000000745700000, 0x0000000745700000|
|  88|0x0000000745800000, 0x0000000745800000, 0x0000000745900000|  0%| F|  |TS  0|AC  0|TAMS 0x0000000745800000, 0x0000000745800000|
|  89|0x0000000745900000, 0x0000000745900000, 0x0000000745a00000|  0%| F|  |TS  0|AC  0|TAMS 0x0000000745900000, 0x0000000745900000|
|  90|0x0000000745a00000, 0x0000000745a00000, 0x0000000745b00000|  0%| F|  |TS  0|AC  0|TAMS 0x0000000745a00000, 0x0000000745a00000|
|  91|0x0000000745b00000, 0x0000000745b00000, 0x0000000745c00000|  0%| F|  |TS  0|AC  0|TAMS 0x0000000745b00000, 0x0000000745b00000|
|  92|0x0000000745c00000, 0x0000000745c00000, 0x0000000745d00000|  0%| F|  |TS  0|AC  0|TAMS 0x0000000745c00000, 0x0000000745c00000|
|  93|0x0000000745d00000, 0x0000000745d00000, 0x0000000745e00000|  0%| F|  |TS  0|AC  0|TAMS 0x0000000745d00000, 0x0000000745d00000|
|  94|0x0000000745e00000, 0x0000000745e00000, 0x0000000745f00000|  0%| F|  |TS  0|AC  0|TAMS 0x0000000745e00000, 0x0000000745e00000|
|  95|0x0000000745f00000, 0x0000000745f00000, 0x0000000746000000|  0%| F|  |TS  0|AC  0|TAMS 0x0000000745f00000, 0x0000000745f00000|
|  96|0x0000000746000000, 0x0000000746000000, 0x0000000746100000|  0%| F|  |TS  0|AC  0|TAMS 0x0000000746000000, 0x0000000746000000|
|  97|0x0000000746100000, 0x0000000746100000, 0x0000000746200000|  0%| F|  |TS  0|AC  0|TAMS 0x0000000746100000, 0x0000000746100000|
|  98|0x0000000746200000, 0x0000000746200000, 0x0000000746300000|  0%| F|  |TS  0|AC  0|TAMS 0x0000000746200000, 0x0000000746200000|
|  99|0x0000000746300000, 0x0000000746300000, 0x0000000746400000|  0%| F|  |TS  0|AC  0|TAMS 0x0000000746300000, 0x0000000746300000|
| 100|0x0000000746400000, 0x0000000746400000, 0x0000000746500000|  0%| F|  |TS  0|AC  0|TAMS 0x0000000746400000, 0x0000000746400000|
| 101|0x0000000746500000, 0x0000000746500000, 0x0000000746600000|  0%| F|  |TS  0|AC  0|TAMS 0x0000000746500000, 0x0000000746500000|
| 102|0x0000000746600000, 0x0000000746600000, 0x0000000746700000|  0%| F|  |TS  0|AC  0|TAMS 0x0000000746600000, 0x0000000746600000|
| 103|0x0000000746700000, 0x0000000746700000, 0x0000000746800000|  0%| F|  |TS  0|AC  0|TAMS 0x0000000746700000, 0x0000000746700000|
| 104|0x0000000746800000, 0x0000000746800000, 0x0000000746900000|  0%| F|  |TS  0|AC  0|TAMS 0x0000000746800000, 0x0000000746800000|
| 105|0x0000000746900000, 0x0000000746900000, 0x0000000746a00000|  0%| F|  |TS  0|AC  0|TAMS 0x0000000746900000, 0x0000000746900000|
| 106|0x0000000746a00000, 0x0000000746a00000, 0x0000000746b00000|  0%| F|  |TS  0|AC  0|TAMS 0x0000000746a00000, 0x0000000746a00000|
| 107|0x0000000746b00000, 0x0000000746b00000, 0x0000000746c00000|  0%| F|  |TS  0|AC  0|TAMS 0x0000000746b00000, 0x0000000746b00000|
| 108|0x0000000746c00000, 0x0000000746c00000, 0x0000000746d00000|  0%| F|  |TS  0|AC  0|TAMS 0x0000000746c00000, 0x0000000746c00000|
| 109|0x0000000746d00000, 0x0000000746d00000, 0x0000000746e00000|  0%| F|  |TS  0|AC  0|TAMS 0x0000000746d00000, 0x0000000746d00000|
| 110|0x0000000746e00000, 0x0000000746e00000, 0x0000000746f00000|  0%| F|  |TS  0|AC  0|TAMS 0x0000000746e00000, 0x0000000746e00000|
| 111|0x0000000746f00000, 0x0000000746f00000, 0x0000000747000000|  0%| F|  |TS  0|AC  0|TAMS 0x0000000746f00000, 0x0000000746f00000|
| 112|0x0000000747000000, 0x0000000747000000, 0x0000000747100000|  0%| F|  |TS  0|AC  0|TAMS 0x0000000747000000, 0x0000000747000000|
| 113|0x0000000747100000, 0x0000000747100000, 0x0000000747200000|  0%| F|  |TS  0|AC  0|TAMS 0x0000000747100000, 0x0000000747100000|
| 114|0x0000000747200000, 0x0000000747200000, 0x0000000747300000|  0%| F|  |TS  0|AC  0|TAMS 0x0000000747200000, 0x0000000747200000|
| 115|0x0000000747300000, 0x0000000747300000, 0x0000000747400000|  0%| F|  |TS  0|AC  0|TAMS 0x0000000747300000, 0x0000000747300000|
| 116|0x0000000747400000, 0x0000000747400000, 0x0000000747500000|  0%| F|  |TS  0|AC  0|TAMS 0x0000000747400000, 0x0000000747400000|
| 117|0x0000000747500000, 0x0000000747500000, 0x0000000747600000|  0%| F|  |TS  0|AC  0|TAMS 0x0000000747500000, 0x0000000747500000|
| 118|0x0000000747600000, 0x0000000747600000, 0x0000000747700000|  0%| F|  |TS  0|AC  0|TAMS 0x0000000747600000, 0x0000000747600000|
| 119|0x0000000747700000, 0x0000000747700000, 0x0000000747800000|  0%| F|  |TS  0|AC  0|TAMS 0x0000000747700000, 0x0000000747700000|
| 120|0x0000000747800000, 0x0000000747800000, 0x0000000747900000|  0%| F|  |TS  0|AC  0|TAMS 0x0000000747800000, 0x0000000747800000|
| 121|0x0000000747900000, 0x0000000747900000, 0x0000000747a00000|  0%| F|  |TS  0|AC  0|TAMS 0x0000000747900000, 0x0000000747900000|
| 122|0x0000000747a00000, 0x0000000747a00000, 0x0000000747b00000|  0%| F|  |TS  0|AC  0|TAMS 0x0000000747a00000, 0x0000000747a00000|
| 123|0x0000000747b00000, 0x0000000747b00000, 0x0000000747c00000|  0%| F|  |TS  0|AC  0|TAMS 0x0000000747b00000, 0x0000000747b00000|
| 124|0x0000000747c00000, 0x0000000747c48360, 0x0000000747d00000| 28%| E|  |TS  0|AC  0|TAMS 0x0000000747c00000, 0x0000000747c00000|
| 125|0x0000000747d00000, 0x0000000747e00000, 0x0000000747e00000|100%| E|CS|TS  0|AC  0|TAMS 0x0000000747d00000, 0x0000000747d00000|
| 126|0x0000000747e00000, 0x0000000747f00000, 0x0000000747f00000|100%| E|CS|TS  0|AC  0|TAMS 0x0000000747e00000, 0x0000000747e00000|
| 127|0x0000000747f00000, 0x0000000748000000, 0x0000000748000000|100%| E|CS|TS  0|AC  0|TAMS 0x0000000747f00000, 0x0000000747f00000|

Card table byte_map: [0x0000000104078000,0x0000000104478000] byte_map_base: 0x0000000100678000

Marking Bits (Prev, Next): (CMBitMap*) 0x00007f921e02c870, (CMBitMap*) 0x00007f921e02c8a8
 Prev Bits: [0x000000011e5d2000, 0x00000001205d2000)
 Next Bits: [0x00000001205d2000, 0x00000001225d2000)

Polling page: 0x0000000101cd2000

CodeHeap 'non-profiled nmethods': size=120032Kb used=50Kb max_used=50Kb free=119981Kb
 bounds [0x000000011709a000, 0x000000011730a000, 0x000000011e5d2000]
CodeHeap 'profiled nmethods': size=120032Kb used=216Kb max_used=216Kb free=119815Kb
 bounds [0x000000010fb62000, 0x000000010fdd2000, 0x000000011709a000]
CodeHeap 'non-nmethods': size=5696Kb used=1134Kb max_used=1148Kb free=4561Kb
 bounds [0x000000010f5d2000, 0x000000010f842000, 0x000000010fb62000]
 total_blobs=490 nmethods=168 adapters=174
 compilation: enabled

Compilation events (10 events):
Event: 0.351 Thread 0x00007f921f848000  166       3       java.util.LinkedList::addLast (6 bytes)
Event: 0.352 Thread 0x00007f921f848000 nmethod 166 0x000000010fb97790 code [0x000000010fb97940, 0x000000010fb97ae8]
Event: 0.352 Thread 0x00007f921f848000  167       3       java.util.LinkedList::linkLast (59 bytes)
Event: 0.353 Thread 0x00007f921f848000 nmethod 167 0x000000010fb97b90 code [0x000000010fb97d60, 0x000000010fb98230]
Event: 0.357 Thread 0x00007f921f831000 nmethod 164 0x00000001170a4f10 code [0x00000001170a50a0, 0x00000001170a5378]
Event: 0.357 Thread 0x00007f921f831000  165       4       java.util.LinkedList$Node::<init> (20 bytes)
Event: 0.361 Thread 0x00007f921f831000 nmethod 165 0x00000001170a5490 code [0x00000001170a5620, 0x00000001170a5938]
Event: 0.361 Thread 0x00007f921f831000  168       4       java.lang.Integer::valueOf (32 bytes)
Event: 0.362 Thread 0x00007f921f831000 nmethod 168 0x00000001170a5990 code [0x00000001170a5b20, 0x00000001170a5b98]
Event: 0.372 Thread 0x00007f921f83f000 nmethod 163 0x00000001170a5c10 code [0x00000001170a5de0, 0x00000001170a6778]

GC Heap History (0 events):
No events

Deoptimization events (0 events):
No events

Classes redefined (10 events):
Event: 732.134 Thread 0x00007f921e05b800 redefined class name=np_complete.Point, count=5
Event: 789.627 Thread 0x00007f921e05b800 redefined class name=np_complete.TravelingSalesmanProblem, count=6
Event: 789.627 Thread 0x00007f921e05b800 redefined class name=np_complete.Graph, count=6
Event: 789.628 Thread 0x00007f921e05b800 redefined class name=np_complete.Point, count=6
Event: 800.273 Thread 0x00007f921e05b800 redefined class name=np_complete.TravelingSalesmanProblem, count=7
Event: 800.273 Thread 0x00007f921e05b800 redefined class name=np_complete.Graph, count=7
Event: 800.273 Thread 0x00007f921e05b800 redefined class name=np_complete.Point, count=7
Event: 809.352 Thread 0x00007f921e05b800 redefined class name=np_complete.TravelingSalesmanProblem, count=8
Event: 809.352 Thread 0x00007f921e05b800 redefined class name=np_complete.Graph, count=8
Event: 809.353 Thread 0x00007f921e05b800 redefined class name=np_complete.Point, count=8

Internal exceptions (0 events):
No events

Events (10 events):
Event: 809.359 Executing VM operation: GetFrameCount done
Event: 809.359 Executing VM operation: GetFrameLocation
Event: 809.359 Executing VM operation: GetFrameLocation done
Event: 809.538 Executing VM operation: GetFrameCount
Event: 809.538 Executing VM operation: GetFrameCount done
Event: 809.538 Executing VM operation: GetOwnedMonitorInfo
Event: 809.538 Executing VM operation: GetOwnedMonitorInfo done
Event: 809.538 Executing VM operation: GetCurrentContendedMonitor
Event: 809.538 Executing VM operation: GetCurrentContendedMonitor done
Event: 828.599 Executing VM operation: GetOrSetLocal


Dynamic libraries:
0x00007fff36edb000 	/System/Library/Frameworks/Cocoa.framework/Versions/A/Cocoa
0x00007fff43298000 	/System/Library/Frameworks/Security.framework/Versions/A/Security
0x00007fff35b4a000 	/System/Library/Frameworks/ApplicationServices.framework/Versions/A/ApplicationServices
0x00007fff5edf2000 	/usr/lib/libz.1.dylib
0x00007fff5ce06000 	/usr/lib/libSystem.B.dylib
0x00007fff37675000 	/System/Library/Frameworks/CoreFoundation.framework/Versions/A/CoreFoundation
0x00007fff397ab000 	/System/Library/Frameworks/Foundation.framework/Versions/C/Foundation
0x00007fff5e407000 	/usr/lib/libobjc.A.dylib
0x00007fff34c9b000 	/System/Library/Frameworks/AppKit.framework/Versions/C/AppKit
0x00007fff37253000 	/System/Library/Frameworks/CoreData.framework/Versions/A/CoreData
0x00007fff56847000 	/System/Library/PrivateFrameworks/RemoteViewServices.framework/Versions/A/RemoteViewServices
0x00007fff5ae9c000 	/System/Library/PrivateFrameworks/UIFoundation.framework/Versions/A/UIFoundation
0x00007fff4b897000 	/System/Library/PrivateFrameworks/DFRFoundation.framework/Versions/A/DFRFoundation
0x00007fff3bc82000 	/System/Library/Frameworks/Metal.framework/Versions/A/Metal
0x00007fff4ba38000 	/System/Library/PrivateFrameworks/DesktopServicesPriv.framework/Versions/A/DesktopServicesPriv
0x00007fff5da09000 	/usr/lib/libenergytrace.dylib
0x00007fff58fc0000 	/System/Library/PrivateFrameworks/SkyLight.framework/Versions/A/SkyLight
0x00007fff37b17000 	/System/Library/Frameworks/CoreGraphics.framework/Versions/A/CoreGraphics
0x00007fff5ce01000 	/usr/lib/libScreenReader.dylib
0x00007fff33c5c000 	/System/Library/Frameworks/Accelerate.framework/Versions/A/Accelerate
0x00007fff39f22000 	/System/Library/Frameworks/IOSurface.framework/Versions/A/IOSurface
0x00007fff36094000 	/System/Library/Frameworks/AudioToolbox.framework/Versions/A/AudioToolbox
0x00007fff36321000 	/System/Library/Frameworks/AudioUnit.framework/Versions/A/AudioUnit
0x00007fff4b933000 	/System/Library/PrivateFrameworks/DataDetectorsCore.framework/Versions/A/DataDetectorsCore
0x00007fff369e2000 	/System/Library/Frameworks/Carbon.framework/Versions/A/Frameworks/HIToolbox.framework/Versions/A/HIToolbox
0x00007fff5db63000 	/usr/lib/libicucore.A.dylib
0x00007fff42817000 	/System/Library/Frameworks/QuartzCore.framework/Versions/A/QuartzCore
0x00007fff36dc8000 	/System/Library/Frameworks/Carbon.framework/Versions/A/Frameworks/SpeechRecognition.framework/Versions/A/SpeechRecognition
0x00007fff5cf62000 	/usr/lib/libauto.dylib
0x00007fff5ece1000 	/usr/lib/libxml2.2.dylib
0x00007fff4b511000 	/System/Library/PrivateFrameworks/CoreUI.framework/Versions/A/CoreUI
0x00007fff3712f000 	/System/Library/Frameworks/CoreAudio.framework/Versions/A/CoreAudio
0x00007fff395e5000 	/System/Library/Frameworks/DiskArbitration.framework/Versions/A/DiskArbitration
0x00007fff5ddd7000 	/usr/lib/liblangid.dylib
0x00007fff52d96000 	/System/Library/PrivateFrameworks/MultitouchSupport.framework/Versions/A/MultitouchSupport
0x00007fff39e85000 	/System/Library/Frameworks/IOKit.framework/Versions/A/IOKit
0x00007fff5ca9e000 	/usr/lib/libDiagnosticMessagesClient.dylib
0x00007fff387d5000 	/System/Library/Frameworks/CoreServices.framework/Versions/A/CoreServices
0x00007fff54830000 	/System/Library/PrivateFrameworks/PerformanceAnalysis.framework/Versions/A/PerformanceAnalysis
0x00007fff419c1000 	/System/Library/Frameworks/OpenGL.framework/Versions/A/OpenGL
0x00007fff36ee9000 	/System/Library/Frameworks/ColorSync.framework/Versions/A/ColorSync
0x00007fff38126000 	/System/Library/Frameworks/CoreImage.framework/Versions/A/CoreImage
0x00007fff39156000 	/System/Library/Frameworks/CoreText.framework/Versions/A/CoreText
0x00007fff39f80000 	/System/Library/Frameworks/ImageIO.framework/Versions/A/ImageIO
0x00007fff47d6a000 	/System/Library/PrivateFrameworks/Backup.framework/Versions/A/Backup
0x00007fff5ceb2000 	/usr/lib/libarchive.2.dylib
0x00007fff36636000 	/System/Library/Frameworks/CFNetwork.framework/Versions/A/CFNetwork
0x00007fff43a14000 	/System/Library/Frameworks/SystemConfiguration.framework/Versions/A/SystemConfiguration
0x00007fff5c9c7000 	/usr/lib/libCRFSuite.dylib
0x00007fff5d03a000 	/usr/lib/libc++.1.dylib
0x00007fff5d091000 	/usr/lib/libc++abi.dylib
0x00007fff5eea2000 	/usr/lib/system/libcache.dylib
0x00007fff5eea7000 	/usr/lib/system/libcommonCrypto.dylib
0x00007fff5eeb2000 	/usr/lib/system/libcompiler_rt.dylib
0x00007fff5eeba000 	/usr/lib/system/libcopyfile.dylib
0x00007fff5eec3000 	/usr/lib/system/libcorecrypto.dylib
0x00007fff5efd0000 	/usr/lib/system/libdispatch.dylib
0x00007fff5f00a000 	/usr/lib/system/libdyld.dylib
0x00007fff5f028000 	/usr/lib/system/libkeymgr.dylib
0x00007fff5f036000 	/usr/lib/system/liblaunch.dylib
0x00007fff5f037000 	/usr/lib/system/libmacho.dylib
0x00007fff5f03c000 	/usr/lib/system/libquarantine.dylib
0x00007fff5f03f000 	/usr/lib/system/libremovefile.dylib
0x00007fff5f041000 	/usr/lib/system/libsystem_asl.dylib
0x00007fff5f059000 	/usr/lib/system/libsystem_blocks.dylib
0x00007fff5f05a000 	/usr/lib/system/libsystem_c.dylib
0x00007fff5f0e4000 	/usr/lib/system/libsystem_configuration.dylib
0x00007fff5f0e8000 	/usr/lib/system/libsystem_coreservices.dylib
0x00007fff5f0ec000 	/usr/lib/system/libsystem_darwin.dylib
0x00007fff5f0ee000 	/usr/lib/system/libsystem_dnssd.dylib
0x00007fff5f0f5000 	/usr/lib/system/libsystem_info.dylib
0x00007fff5f165000 	/usr/lib/system/libsystem_m.dylib
0x00007fff5f1b1000 	/usr/lib/system/libsystem_malloc.dylib
0x00007fff5f1d1000 	/usr/lib/system/libsystem_network.dylib
0x00007fff5f276000 	/usr/lib/system/libsystem_networkextension.dylib
0x00007fff5f281000 	/usr/lib/system/libsystem_notify.dylib
0x00007fff5f29f000 	/usr/lib/system/libsystem_sandbox.dylib
0x00007fff5f2a3000 	/usr/lib/system/libsystem_secinit.dylib
0x00007fff5f13f000 	/usr/lib/system/libsystem_kernel.dylib
0x00007fff5f28b000 	/usr/lib/system/libsystem_platform.dylib
0x00007fff5f293000 	/usr/lib/system/libsystem_pthread.dylib
0x00007fff5f2a5000 	/usr/lib/system/libsystem_symptoms.dylib
0x00007fff5f2ad000 	/usr/lib/system/libsystem_trace.dylib
0x00007fff5f2c2000 	/usr/lib/system/libunwind.dylib
0x00007fff5f2c8000 	/usr/lib/system/libxpc.dylib
0x00007fff5c8f4000 	/usr/lib/closure/libclosured.dylib
0x00007fff5d01b000 	/usr/lib/libbsm.0.dylib
0x00007fff5f029000 	/usr/lib/system/libkxld.dylib
0x00007fff5ccd8000 	/usr/lib/libOpenScriptingUtil.dylib
0x00007fff5d38b000 	/usr/lib/libcoretls.dylib
0x00007fff5d3a4000 	/usr/lib/libcoretls_cfhelpers.dylib
0x00007fff5e808000 	/usr/lib/libpam.2.dylib
0x00007fff5e92e000 	/usr/lib/libsqlite3.dylib
0x00007fff5ecd0000 	/usr/lib/libxar.1.dylib
0x00007fff5d02c000 	/usr/lib/libbz2.1.0.dylib
0x00007fff5ddd9000 	/usr/lib/liblzma.5.dylib
0x00007fff5e2ba000 	/usr/lib/libnetwork.dylib
0x00007fff5ce9b000 	/usr/lib/libapple_nghttp2.dylib
0x00007fff5e80f000 	/usr/lib/libpcap.A.dylib
0x00007fff5cf63000 	/usr/lib/libboringssl.dylib
0x00007fff5ec92000 	/usr/lib/libusrtcp.dylib
0x00007fff5ce9a000 	/usr/lib/libapple_crypto.dylib
0x00007fff38b58000 	/System/Library/Frameworks/CoreServices.framework/Versions/A/Frameworks/FSEvents.framework/Versions/A/FSEvents
0x00007fff3884b000 	/System/Library/Frameworks/CoreServices.framework/Versions/A/Frameworks/CarbonCore.framework/Versions/A/CarbonCore
0x00007fff38d1a000 	/System/Library/Frameworks/CoreServices.framework/Versions/A/Frameworks/Metadata.framework/Versions/A/Metadata
0x00007fff38dca000 	/System/Library/Frameworks/CoreServices.framework/Versions/A/Frameworks/OSServices.framework/Versions/A/OSServices
0x00007fff38e28000 	/System/Library/Frameworks/CoreServices.framework/Versions/A/Frameworks/SearchKit.framework/Versions/A/SearchKit
0x00007fff387d6000 	/System/Library/Frameworks/CoreServices.framework/Versions/A/Frameworks/AE.framework/Versions/A/AE
0x00007fff38b61000 	/System/Library/Frameworks/CoreServices.framework/Versions/A/Frameworks/LaunchServices.framework/Versions/A/LaunchServices
0x00007fff38b23000 	/System/Library/Frameworks/CoreServices.framework/Versions/A/Frameworks/DictionaryServices.framework/Versions/A/DictionaryServices
0x00007fff38e97000 	/System/Library/Frameworks/CoreServices.framework/Versions/A/Frameworks/SharedFileList.framework/Versions/A/SharedFileList
0x00007fff3ce4e000 	/System/Library/Frameworks/NetFS.framework/Versions/A/NetFS
0x00007fff53023000 	/System/Library/PrivateFrameworks/NetAuth.framework/Versions/A/NetAuth
0x00007fff5c78e000 	/System/Library/PrivateFrameworks/login.framework/Versions/A/Frameworks/loginsupport.framework/Versions/A/loginsupport
0x00007fff5ab20000 	/System/Library/PrivateFrameworks/TCC.framework/Versions/A/TCC
0x00007fff5deba000 	/usr/lib/libmecabra.dylib
0x00007fff35b4b000 	/System/Library/Frameworks/ApplicationServices.framework/Versions/A/Frameworks/ATS.framework/Versions/A/ATS
0x00007fff35ef9000 	/System/Library/Frameworks/ApplicationServices.framework/Versions/A/Frameworks/ColorSyncLegacy.framework/Versions/A/ColorSyncLegacy
0x00007fff35f9d000 	/System/Library/Frameworks/ApplicationServices.framework/Versions/A/Frameworks/HIServices.framework/Versions/A/HIServices
0x00007fff35ff0000 	/System/Library/Frameworks/ApplicationServices.framework/Versions/A/Frameworks/LangAnalysis.framework/Versions/A/LangAnalysis
0x00007fff35fff000 	/System/Library/Frameworks/ApplicationServices.framework/Versions/A/Frameworks/PrintCore.framework/Versions/A/PrintCore
0x00007fff3604c000 	/System/Library/Frameworks/ApplicationServices.framework/Versions/A/Frameworks/QD.framework/Versions/A/QD
0x00007fff36087000 	/System/Library/Frameworks/ApplicationServices.framework/Versions/A/Frameworks/SpeechSynthesis.framework/Versions/A/SpeechSynthesis
0x00007fff375a8000 	/System/Library/Frameworks/CoreDisplay.framework/Versions/A/CoreDisplay
0x00007fff33c74000 	/System/Library/Frameworks/Accelerate.framework/Versions/A/Frameworks/vImage.framework/Versions/A/vImage
0x00007fff349ab000 	/System/Library/Frameworks/Accelerate.framework/Versions/A/Frameworks/vecLib.framework/Versions/A/vecLib
0x00007fff3474d000 	/System/Library/Frameworks/Accelerate.framework/Versions/A/Frameworks/vecLib.framework/Versions/A/libvDSP.dylib
0x00007fff342ce000 	/System/Library/Frameworks/Accelerate.framework/Versions/A/Frameworks/vecLib.framework/Versions/A/libBNNS.dylib
0x00007fff346d4000 	/System/Library/Frameworks/Accelerate.framework/Versions/A/Frameworks/vecLib.framework/Versions/A/libQuadrature.dylib
0x00007fff348fa000 	/System/Library/Frameworks/Accelerate.framework/Versions/A/Frameworks/vecLib.framework/Versions/A/libvMisc.dylib
0x00007fff342fd000 	/System/Library/Frameworks/Accelerate.framework/Versions/A/Frameworks/vecLib.framework/Versions/A/libLAPACK.dylib
0x00007fff34173000 	/System/Library/Frameworks/Accelerate.framework/Versions/A/Frameworks/vecLib.framework/Versions/A/libBLAS.dylib
0x00007fff346be000 	/System/Library/Frameworks/Accelerate.framework/Versions/A/Frameworks/vecLib.framework/Versions/A/libLinearAlgebra.dylib
0x00007fff346da000 	/System/Library/Frameworks/Accelerate.framework/Versions/A/Frameworks/vecLib.framework/Versions/A/libSparse.dylib
0x00007fff34739000 	/System/Library/Frameworks/Accelerate.framework/Versions/A/Frameworks/vecLib.framework/Versions/A/libSparseBLAS.dylib
0x00007fff516ca000 	/System/Library/PrivateFrameworks/IOAccelerator.framework/Versions/A/IOAccelerator
0x00007fff516d5000 	/System/Library/PrivateFrameworks/IOPresentment.framework/Versions/A/IOPresentment
0x00007fff4b8a9000 	/System/Library/PrivateFrameworks/DSExternalDisplay.framework/Versions/A/DSExternalDisplay
0x00007fff40e43000 	/System/Library/Frameworks/OpenGL.framework/Versions/A/Libraries/libCoreFSCache.dylib
0x00007fff392a5000 	/System/Library/Frameworks/CoreVideo.framework/Versions/A/CoreVideo
0x00007fff50d1d000 	/System/Library/PrivateFrameworks/GraphVisualizer.framework/Versions/A/GraphVisualizer
0x00007fff3be45000 	/System/Library/Frameworks/MetalPerformanceShaders.framework/Versions/A/MetalPerformanceShaders
0x00007fff5cad6000 	/usr/lib/libFosl_dynamic.dylib
0x00007fff4c8db000 	/System/Library/PrivateFrameworks/FaceCore.framework/Versions/A/FaceCore
0x00007fff3fc4b000 	/System/Library/Frameworks/OpenCL.framework/Versions/A/OpenCL
0x00007fff5d0c8000 	/usr/lib/libcompression.dylib
0x00007fff35c4a000 	/System/Library/Frameworks/ApplicationServices.framework/Versions/A/Frameworks/ATS.framework/Versions/A/Resources/libFontParser.dylib
0x00007fff35d6d000 	/System/Library/Frameworks/ApplicationServices.framework/Versions/A/Frameworks/ATS.framework/Versions/A/Resources/libFontRegistry.dylib
0x00007fff3a1e5000 	/System/Library/Frameworks/ImageIO.framework/Versions/A/Resources/libJPEG.dylib
0x00007fff3a50e000 	/System/Library/Frameworks/ImageIO.framework/Versions/A/Resources/libTIFF.dylib
0x00007fff3a4e4000 	/System/Library/Frameworks/ImageIO.framework/Versions/A/Resources/libPng.dylib
0x00007fff3a0f8000 	/System/Library/Frameworks/ImageIO.framework/Versions/A/Resources/libGIF.dylib
0x00007fff3a0fd000 	/System/Library/Frameworks/ImageIO.framework/Versions/A/Resources/libJP2.dylib
0x00007fff3a50b000 	/System/Library/Frameworks/ImageIO.framework/Versions/A/Resources/libRadiance.dylib
0x00007fff474cb000 	/System/Library/PrivateFrameworks/AppleJPEG.framework/Versions/A/AppleJPEG
0x00007fff52b15000 	/System/Library/PrivateFrameworks/MetalTools.framework/Versions/A/MetalTools
0x00007fff3bd1e000 	/System/Library/Frameworks/MetalPerformanceShaders.framework/Frameworks/MPSCore.framework/Versions/A/MPSCore
0x00007fff3bd34000 	/System/Library/Frameworks/MetalPerformanceShaders.framework/Frameworks/MPSImage.framework/Versions/A/MPSImage
0x00007fff3bda0000 	/System/Library/Frameworks/MetalPerformanceShaders.framework/Frameworks/MPSMatrix.framework/Versions/A/MPSMatrix
0x00007fff3bdc4000 	/System/Library/Frameworks/MetalPerformanceShaders.framework/Frameworks/MPSNeuralNetwork.framework/Versions/A/MPSNeuralNetwork
0x00007fff4100b000 	/System/Library/Frameworks/OpenGL.framework/Versions/A/Libraries/libGLU.dylib
0x00007fff40e4d000 	/System/Library/Frameworks/OpenGL.framework/Versions/A/Libraries/libGFXShared.dylib
0x00007fff40e56000 	/System/Library/Frameworks/OpenGL.framework/Versions/A/Libraries/libGL.dylib
0x00007fff40e62000 	/System/Library/Frameworks/OpenGL.framework/Versions/A/Libraries/libGLImage.dylib
0x00007fff40e40000 	/System/Library/Frameworks/OpenGL.framework/Versions/A/Libraries/libCVMSPluginSupport.dylib
0x00007fff40e48000 	/System/Library/Frameworks/OpenGL.framework/Versions/A/Libraries/libCoreVMClient.dylib
0x00007fff5d875000 	/usr/lib/libcups.2.dylib
0x00007fff3b2ea000 	/System/Library/Frameworks/Kerberos.framework/Versions/A/Kerberos
0x00007fff39be0000 	/System/Library/Frameworks/GSS.framework/Versions/A/GSS
0x00007fff5e8c2000 	/usr/lib/libresolv.9.dylib
0x00007fff5da71000 	/usr/lib/libiconv.2.dylib
0x00007fff50da4000 	/System/Library/PrivateFrameworks/Heimdal.framework/Versions/A/Heimdal
0x00007fff5da40000 	/usr/lib/libheimdal-asn1.dylib
0x00007fff3fcb6000 	/System/Library/Frameworks/OpenDirectory.framework/Versions/A/OpenDirectory
0x00007fff49781000 	/System/Library/PrivateFrameworks/CommonAuth.framework/Versions/A/CommonAuth
0x00007fff3fc99000 	/System/Library/Frameworks/OpenDirectory.framework/Versions/A/Frameworks/CFOpenDirectory.framework/Versions/A/CFOpenDirectory
0x00007fff435b0000 	/System/Library/Frameworks/SecurityFoundation.framework/Versions/A/SecurityFoundation
0x00007fff466b7000 	/System/Library/PrivateFrameworks/APFS.framework/Versions/A/APFS
0x00007fff5eccc000 	/usr/lib/libutil.dylib
0x00007fff4754e000 	/System/Library/PrivateFrameworks/AppleSauce.framework/Versions/A/AppleSauce
0x00007fff51eac000 	/System/Library/PrivateFrameworks/LinguisticData.framework/Versions/A/LinguisticData
0x00007fff5ddf3000 	/usr/lib/libmarisa.dylib
0x00007fff51e66000 	/System/Library/PrivateFrameworks/Lexicon.framework/Versions/A/Lexicon
0x00007fff5ca01000 	/usr/lib/libChineseTokenizer.dylib
0x00007fff5d0b7000 	/usr/lib/libcmph.dylib
0x00007fff51d70000 	/System/Library/PrivateFrameworks/LanguageModeling.framework/Versions/A/LanguageModeling
0x00007fff4a197000 	/System/Library/PrivateFrameworks/CoreEmoji.framework/Versions/A/CoreEmoji
0x00007fff4366c000 	/System/Library/Frameworks/ServiceManagement.framework/Versions/A/ServiceManagement
0x00007fff47d62000 	/System/Library/PrivateFrameworks/BackgroundTaskManagement.framework/Versions/A/BackgroundTaskManagement
0x00007fff5edc9000 	/usr/lib/libxslt.1.dylib
0x00007fff36cf2000 	/System/Library/Frameworks/Carbon.framework/Versions/A/Frameworks/Ink.framework/Versions/A/Ink
0x00007fff5ad34000 	/System/Library/PrivateFrameworks/TextureIO.framework/Versions/A/TextureIO
0x00007fff5cedd000 	/usr/lib/libate.dylib
0x00007fff4b80b000 	/System/Library/PrivateFrameworks/CrashReporterSupport.framework/Versions/A/CrashReporterSupport
0x00007fff58187000 	/System/Library/PrivateFrameworks/Sharing.framework/Versions/A/Sharing
0x00007fff51ab6000 	/System/Library/PrivateFrameworks/IconServices.framework/Versions/A/IconServices
0x00007fff5664c000 	/System/Library/PrivateFrameworks/ProtocolBuffer.framework/Versions/A/ProtocolBuffer
0x00007fff47356000 	/System/Library/PrivateFrameworks/Apple80211.framework/Versions/A/Apple80211
0x00007fff392e0000 	/System/Library/Frameworks/CoreWLAN.framework/Versions/A/CoreWLAN
0x00007fff4b646000 	/System/Library/PrivateFrameworks/CoreUtils.framework/Versions/A/CoreUtils
0x00007fff39d22000 	/System/Library/Frameworks/IOBluetooth.framework/Versions/A/IOBluetooth
0x00007fff4b7a6000 	/System/Library/PrivateFrameworks/CoreWiFi.framework/Versions/A/CoreWiFi
0x00007fff37229000 	/System/Library/Frameworks/CoreBluetooth.framework/Versions/A/CoreBluetooth
0x00007fff582c2000 	/System/Library/PrivateFrameworks/SignpostNotification.framework/Versions/A/SignpostNotification
0x00007fff4b9f7000 	/System/Library/PrivateFrameworks/DebugSymbols.framework/Versions/A/DebugSymbols
0x00007fff4b3fd000 	/System/Library/PrivateFrameworks/CoreSymbolication.framework/Versions/A/CoreSymbolication
0x00007fff5a5aa000 	/System/Library/PrivateFrameworks/Symbolication.framework/Versions/A/Symbolication
0x00007fff47380000 	/System/Library/PrivateFrameworks/AppleFSCompression.framework/Versions/A/AppleFSCompression
0x00007fff59a0b000 	/System/Library/PrivateFrameworks/SpeechRecognitionCore.framework/Versions/A/SpeechRecognitionCore
0x0000000102600000 	/Library/Java/JavaVirtualMachines/jdk-9.0.1.jdk/Contents/Home/lib/server/libjvm.dylib
0x00007fff5ebc3000 	/usr/lib/libstdc++.6.0.9.dylib
0x0000000101c90000 	/Library/Java/JavaVirtualMachines/jdk-9.0.1.jdk/Contents/Home/lib/libverify.dylib
0x0000000101c9d000 	/Library/Java/JavaVirtualMachines/jdk-9.0.1.jdk/Contents/Home/lib/libjava.dylib
0x0000000101cd3000 	/Library/Java/JavaVirtualMachines/jdk-9.0.1.jdk/Contents/Home/lib/libjdwp.dylib
0x0000000101d58000 	/Library/Java/JavaVirtualMachines/jdk-9.0.1.jdk/Contents/Home/lib/libzip.dylib
0x0000000101d60000 	/Library/Java/JavaVirtualMachines/jdk-9.0.1.jdk/Contents/Home/lib/libjimage.dylib
0x0000000101deb000 	/Library/Java/JavaVirtualMachines/jdk-9.0.1.jdk/Contents/Home/lib/libnio.dylib
0x0000000126759000 	/Library/Java/JavaVirtualMachines/jdk-9.0.1.jdk/Contents/Home/lib/./libnet.dylib
0x0000000104dc9000 	/Library/Java/JavaVirtualMachines/jdk-9.0.1.jdk/Contents/Home/lib/libdt_socket.dylib

VM Arguments:
jvm_args: -agentlib:jdwp=transport=dt_socket,suspend=y,address=localhost:56252 -Dfile.encoding=UTF-8 
java_command: np_complete.TravelingSalesmanProblem
java_class_path (initial): /Users/michael_zhao/eclipse-workspace/CourseraAlgorithm/bin
Launcher Type: SUN_STANDARD

Logging:
Log output configuration:
#0: stdout all=warning uptime,level,tags
#1: stderr all=off uptime,level,tags

Environment Variables:
PATH=/usr/bin:/bin:/usr/sbin:/sbin
SHELL=/bin/bash
DISPLAY=/private/tmp/com.apple.launchd.rFKGkRMtYh/org.macosforge.xquartz:0

Signal Handlers:
SIGSEGV: [libjvm.dylib+0x73e2dc], sa_mask[0]=11111111011111110111111111111111, sa_flags=SA_ONSTACK|SA_RESTART|SA_SIGINFO
SIGBUS: [libjvm.dylib+0x73e2dc], sa_mask[0]=11111111011111110111111111111111, sa_flags=SA_RESTART|SA_SIGINFO
SIGFPE: [libjvm.dylib+0x73e2dc], sa_mask[0]=11111111011111110111111111111111, sa_flags=SA_RESTART|SA_SIGINFO
SIGPIPE: [libjvm.dylib+0x5f15ac], sa_mask[0]=11111111011111110111111111111111, sa_flags=SA_RESTART|SA_SIGINFO
SIGXFSZ: [libjvm.dylib+0x5f15ac], sa_mask[0]=11111111011111110111111111111111, sa_flags=SA_RESTART|SA_SIGINFO
SIGILL: [libjvm.dylib+0x73e2dc], sa_mask[0]=11111111011111110111111111111111, sa_flags=SA_RESTART|SA_SIGINFO
SIGUSR2: [libjvm.dylib+0x5f1e3c], sa_mask[0]=00100000000000000000000000000000, sa_flags=SA_RESTART|SA_SIGINFO
SIGHUP: [libjvm.dylib+0x5f0679], sa_mask[0]=11111111011111110111111111111111, sa_flags=SA_RESTART|SA_SIGINFO
SIGINT: [libjvm.dylib+0x5f0679], sa_mask[0]=11111111011111110111111111111111, sa_flags=SA_RESTART|SA_SIGINFO
SIGTERM: [libjvm.dylib+0x5f0679], sa_mask[0]=11111111011111110111111111111111, sa_flags=SA_RESTART|SA_SIGINFO
SIGQUIT: [libjvm.dylib+0x5f0679], sa_mask[0]=11111111011111110111111111111111, sa_flags=SA_RESTART|SA_SIGINFO


---------------  S Y S T E M  ---------------

OS:uname:Darwin 17.4.0 Darwin Kernel Version 17.4.0: Sun Dec 17 09:19:54 PST 2017; root:xnu-4570.41.2~1/RELEASE_X86_64 x86_64
rlimit: STACK 8192k, CORE 0k, NPROC 709, NOFILE 10240, AS infinity
load average:1.64 1.54 1.73

CPU:total 4 (initial active 4) (2 cores per cpu, 2 threads per core) family 6 model 78 stepping 3, cmov, cx8, fxsr, mmx, sse, sse2, sse3, ssse3, sse4.1, sse4.2, popcnt, avx, avx2, aes, clmul, erms, 3dnowpref, lzcnt, ht, tsc, tscinvbit, bmi1, bmi2, adx, fma

Memory: 4k page, physical 8388608k(26560k free)

vm_info: Java HotSpot(TM) 64-Bit Server VM (9.0.1+11) for bsd-amd64 JRE (9.0.1+11), built on Sep 28 2017 03:49:57 by "mach5one" with gcc 4.2.1 Compatible Apple LLVM 6.1.0 (clang-602.0.49)

END.
